<?xml version="1.0" encoding="UTF-8"?>
<!-- Generated by org.testng.reporters.JUnitReportReporter -->
<testsuite hostname="LAPTOP-APJKL0KM" failures="0" tests="2" name="rahulshettyacademy.tests.ErrorValidations" time="13.373" errors="0" timestamp="2025-02-07T11:12:22 CST" skipped="0">
  <testcase classname="rahulshettyacademy.tests.ErrorValidations" name="ProductErrorValidation" time="8.510"/>
  <testcase classname="rahulshettyacademy.tests.ErrorValidations" name="LoginErrorValidation" time="4.863"/>
</testsuite> <!-- rahulshettyacademy.tests.ErrorValidations -->
