<?xml version="1.0" encoding="UTF-8"?>
<!-- Generated by org.testng.reporters.JUnitReportReporter -->
<testsuite hostname="LAPTOP-APJKL0KM" failures="0" tests="2" name="rahulshettyacademy.tests.ErrorValidationsTest" time="13.225" errors="0" timestamp="2025-02-19T17:37:39 CST" skipped="0">
  <testcase classname="rahulshettyacademy.tests.ErrorValidationsTest" name="ProductErrorValidation" time="8.273"/>
  <testcase classname="rahulshettyacademy.tests.ErrorValidationsTest" name="LoginErrorValidation" time="4.952"/>
</testsuite> <!-- rahulshettyacademy.tests.ErrorValidationsTest -->
