<?xml version="1.0" encoding="UTF-8"?>
<!-- Generated by org.testng.reporters.JUnitReportReporter -->
<testsuite hostname="LAPTOP-APJKL0KM" failures="0" tests="3" name="rahulshettyacademy.tests.SubmitOrderTest" time="23.181" errors="0" timestamp="2025-02-19T17:58:23 CST" skipped="0">
  <testcase classname="rahulshettyacademy.tests.SubmitOrderTest" name="submitOrder" time="8.449"/>
  <testcase classname="rahulshettyacademy.tests.SubmitOrderTest" name="submitOrder" time="8.572"/>
  <testcase classname="rahulshettyacademy.tests.SubmitOrderTest" name="OrderHistoryTest" time="6.160"/>
</testsuite> <!-- rahulshettyacademy.tests.SubmitOrderTest -->
