<?xml version="1.0" encoding="UTF-8"?>
<!-- Generated by org.testng.reporters.JUnitReportReporter -->
<testsuite hostname="LAPTOP-APJKL0KM" failures="0" tests="3" name="rahulshettyacademy.tests.SubmitOrderTest" time="26.910" errors="0" timestamp="2025-02-19T19:06:20 CST" skipped="0">
  <testcase classname="rahulshettyacademy.tests.SubmitOrderTest" name="submitOrder" time="13.511"/>
  <testcase classname="rahulshettyacademy.tests.SubmitOrderTest" name="OrderHistoryTest" time="5.196"/>
  <testcase classname="rahulshettyacademy.tests.SubmitOrderTest" name="submitOrder" time="8.203"/>
</testsuite> <!-- rahulshettyacademy.tests.SubmitOrderTest -->
