<?xml version="1.0" encoding="UTF-8"?>
<!-- Generated by org.testng.reporters.JUnitReportReporter -->
<testsuite hostname="LAPTOP-APJKL0KM" failures="0" tests="1" name="cucumber.TestNGTestRunner" time="6.984" errors="0" timestamp="2025-02-19T19:11:37 CST" skipped="0">
  <testcase classname="cucumber.TestNGTestRunner" name="runScenario" time="6.984"/>
</testsuite> <!-- cucumber.TestNGTestRunner -->
