<?xml version="1.0" encoding="UTF-8"?>
<!-- Generated by org.testng.reporters.JUnitReportReporter -->
<testsuite hostname="LAPTOP-APJKL0KM" failures="0" tests="2" name="rahulshettyacademy.tests.ErrorValidationsTest" time="17.088" errors="0" timestamp="2025-02-19T19:06:20 CST" skipped="0">
  <testcase classname="rahulshettyacademy.tests.ErrorValidationsTest" name="ProductErrorValidation" time="7.253"/>
  <testcase classname="rahulshettyacademy.tests.ErrorValidationsTest" name="LoginErrorValidation" time="9.835"/>
</testsuite> <!-- rahulshettyacademy.tests.ErrorValidationsTest -->
